<?xml version="1.0" encoding="UTF-8"?>
<!-- Generated by org.testng.reporters.JUnitXMLReporter -->
<testsuite hostname="SanthoshSanjay" name="Default test" tests="3" failures="0" timestamp="31 Jan 2022 16:55:09 GMT" time="0.098" errors="0">
  <testcase name="test1" time="0.023" classname="org.test.junit.JunitSample1"/>
  <testcase name="test2" time="0.003" classname="org.test.junit.JunitSample1"/>
  <testcase name="test3" time="0.014" classname="org.test.junit.JunitSample1"/>
</testsuite> <!-- Default test -->
