<?xml version="1.0" encoding="UTF-8"?>
<testng-results skipped="0" failed="0" total="3" passed="3">
  <reporter-output>
  </reporter-output>
  <suite name="Default suite" duration-ms="190" started-at="2022-01-31T13:45:57Z" finished-at="2022-01-31T13:45:57Z">
    <groups>
    </groups>
    <test name="Default test" duration-ms="190" started-at="2022-01-31T13:45:57Z" finished-at="2022-01-31T13:45:57Z">
      <class name="org.test.junit.JunitSample1">
        <test-method status="PASS" signature="test1()[pri:0, instance:org.test.junit.JunitSample1@7cf10a6f]" name="test1" duration-ms="59" started-at="2022-01-31T19:15:57Z" finished-at="2022-01-31T19:15:57Z">
          <reporter-output>
          </reporter-output>
        </test-method> <!-- test1 -->
        <test-method status="PASS" signature="test2()[pri:0, instance:org.test.junit.JunitSample1@7cf10a6f]" name="test2" duration-ms="2" started-at="2022-01-31T19:15:57Z" depends-on-methods="org.test.junit.JunitSample1.test1" finished-at="2022-01-31T19:15:57Z">
          <reporter-output>
          </reporter-output>
        </test-method> <!-- test2 -->
        <test-method status="PASS" signature="test3()[pri:0, instance:org.test.junit.JunitSample1@7cf10a6f]" name="test3" duration-ms="7" started-at="2022-01-31T19:15:57Z" depends-on-methods="org.test.junit.JunitSample1.test2" finished-at="2022-01-31T19:15:57Z">
          <reporter-output>
          </reporter-output>
        </test-method> <!-- test3 -->
      </class> <!-- org.test.junit.JunitSample1 -->
    </test> <!-- Default test -->
  </suite> <!-- Default suite -->
</testng-results>
